Logfile initialized
[INFO] logfile = C:\Workspace\backup\eBusiness\build.log
[DEBUG] C:\Dokumente und Einstellungen\schatz\Anwendungsdaten\Titanium\mobilesdk\win32\2.1.3.GA\android\builder.py simulator HelloWorld C:\Development\Android SDK C:\Workspace\backup\eBusiness de.ebusiness.helloworld 2 HVGA
[INFO] Building HelloWorld for Android ... one moment
[INFO] Titanium SDK version: 2.1.3 (10/02/12 16:16 15997d0)
[DEBUG] Waiting for device to be ready ...
[TRACE] adb devices returned 1 devices/emulators
[DEBUG] Device connected... (waited 0 seconds)
[DEBUG] waited 0.047000 seconds on emulator to get ready
[DEBUG] de.ebusiness.helloworld installed? True
[WARN] Fastdev enabled, but server isn't running, deploying normally
[INFO] Copying CommonJS modules...
[INFO] Copying project resources..
[INFO] Detected change in tiapp.xml, or assets deleted. Forcing full re-build...
[TRACE] COPYING CREATED FILE: C:\Workspace\backup\eBusiness\Resources\android\appicon.png => C:\Workspace\backup\eBusiness\build\android\bin\assets\Resources\appicon.png
[TRACE] COPYING CREATED FILE: C:\Workspace\backup\eBusiness\Resources\android\default.png => C:\Workspace\backup\eBusiness\build\android\bin\assets\Resources\default.png
[TRACE] COPYING CREATED FILE: C:\Workspace\backup\eBusiness\Resources\app.js => C:\Workspace\backup\eBusiness\build\android\bin\assets\Resources\app.js
[TRACE] COPYING CREATED FILE: C:\Workspace\backup\eBusiness\Resources\KS_nav_ui.png => C:\Workspace\backup\eBusiness\build\android\bin\assets\Resources\KS_nav_ui.png
[TRACE] COPYING CREATED FILE: C:\Workspace\backup\eBusiness\Resources\KS_nav_views.png => C:\Workspace\backup\eBusiness\build\android\bin\assets\Resources\KS_nav_views.png
[TRACE] COPYING CREATED FILE: C:\Workspace\backup\eBusiness\Resources\login.js => C:\Workspace\backup\eBusiness\build\android\bin\assets\Resources\login.js
[TRACE] COPYING CREATED FILE: C:\Workspace\backup\eBusiness\Resources\newwin.js => C:\Workspace\backup\eBusiness\build\android\bin\assets\Resources\newwin.js
[TRACE] COPYING CREATED FILE: C:\Workspace\backup\eBusiness\Resources\test.js => C:\Workspace\backup\eBusiness\build\android\bin\assets\Resources\test.js
[TRACE] Generating Java Classes
[DEBUG] Processing Android resource drawables
[DEBUG] app stylesheet => C:\Workspace\backup\eBusiness\build\android\gen\de\ebusiness\helloworld\ApplicationStylesheet.java
[DEBUG] copying app icon: C:\Workspace\backup\eBusiness\build\android\bin\assets\Resources\appicon.png
[DEBUG] generating theme.xml
[DEBUG] found drawable-long-land-hdpi splash screen at C:\Workspace\backup\eBusiness\Resources\android\images\res-long-land-hdpi\default.png
[DEBUG] copying C:\Workspace\backup\eBusiness\Resources\android\images\res-long-land-hdpi\default.png splash screen to C:\Workspace\backup\eBusiness\build\android\res\drawable-long-land-hdpi\background.png
[DEBUG] found drawable-long-land-ldpi splash screen at C:\Workspace\backup\eBusiness\Resources\android\images\res-long-land-ldpi\default.png
[DEBUG] copying C:\Workspace\backup\eBusiness\Resources\android\images\res-long-land-ldpi\default.png splash screen to C:\Workspace\backup\eBusiness\build\android\res\drawable-long-land-ldpi\background.png
[DEBUG] found drawable-long-port-hdpi splash screen at C:\Workspace\backup\eBusiness\Resources\android\images\res-long-port-hdpi\default.png
[DEBUG] copying C:\Workspace\backup\eBusiness\Resources\android\images\res-long-port-hdpi\default.png splash screen to C:\Workspace\backup\eBusiness\build\android\res\drawable-long-port-hdpi\background.png
[DEBUG] found drawable-long-port-ldpi splash screen at C:\Workspace\backup\eBusiness\Resources\android\images\res-long-port-ldpi\default.png
[DEBUG] copying C:\Workspace\backup\eBusiness\Resources\android\images\res-long-port-ldpi\default.png splash screen to C:\Workspace\backup\eBusiness\build\android\res\drawable-long-port-ldpi\background.png
[DEBUG] found drawable-notlong-land-hdpi splash screen at C:\Workspace\backup\eBusiness\Resources\android\images\res-notlong-land-hdpi\default.png
[DEBUG] copying C:\Workspace\backup\eBusiness\Resources\android\images\res-notlong-land-hdpi\default.png splash screen to C:\Workspace\backup\eBusiness\build\android\res\drawable-notlong-land-hdpi\background.png
[DEBUG] found drawable-notlong-land-ldpi splash screen at C:\Workspace\backup\eBusiness\Resources\android\images\res-notlong-land-ldpi\default.png
[DEBUG] copying C:\Workspace\backup\eBusiness\Resources\android\images\res-notlong-land-ldpi\default.png splash screen to C:\Workspace\backup\eBusiness\build\android\res\drawable-notlong-land-ldpi\background.png
[DEBUG] found drawable-notlong-land-mdpi splash screen at C:\Workspace\backup\eBusiness\Resources\android\images\res-notlong-land-mdpi\default.png
[DEBUG] copying C:\Workspace\backup\eBusiness\Resources\android\images\res-notlong-land-mdpi\default.png splash screen to C:\Workspace\backup\eBusiness\build\android\res\drawable-notlong-land-mdpi\background.png
[DEBUG] found drawable-notlong-port-hdpi splash screen at C:\Workspace\backup\eBusiness\Resources\android\images\res-notlong-port-hdpi\default.png
[DEBUG] copying C:\Workspace\backup\eBusiness\Resources\android\images\res-notlong-port-hdpi\default.png splash screen to C:\Workspace\backup\eBusiness\build\android\res\drawable-notlong-port-hdpi\background.png
[DEBUG] found drawable-notlong-port-ldpi splash screen at C:\Workspace\backup\eBusiness\Resources\android\images\res-notlong-port-ldpi\default.png
[DEBUG] copying C:\Workspace\backup\eBusiness\Resources\android\images\res-notlong-port-ldpi\default.png splash screen to C:\Workspace\backup\eBusiness\build\android\res\drawable-notlong-port-ldpi\background.png
[DEBUG] found drawable-notlong-port-mdpi splash screen at C:\Workspace\backup\eBusiness\Resources\android\images\res-notlong-port-mdpi\default.png
[DEBUG] copying C:\Workspace\backup\eBusiness\Resources\android\images\res-notlong-port-mdpi\default.png splash screen to C:\Workspace\backup\eBusiness\build\android\res\drawable-notlong-port-mdpi\background.png
[DEBUG] found splash screen at C:\Workspace\backup\eBusiness\build\android\bin\assets\Resources\default.png
[TRACE] Writing out AndroidManifest.xml
[DEBUG] adding C:\Workspace\backup\eBusiness\build\android\gen\de\ebusiness\helloworld\ApplicationStylesheet.java to javac build list
[DEBUG] adding C:\Workspace\backup\eBusiness\build\android\gen\de\ebusiness\helloworld\HelloworldActivity.java to javac build list
[DEBUG] adding C:\Workspace\backup\eBusiness\build\android\gen\de\ebusiness\helloworld\HelloworldAppInfo.java to javac build list
[DEBUG] adding C:\Workspace\backup\eBusiness\build\android\gen\de\ebusiness\helloworld\HelloworldApplication.java to javac build list
[DEBUG] adding C:\Workspace\backup\eBusiness\build\android\gen\de\ebusiness\helloworld\R.java to javac build list
[DEBUG] Building Java Sources: "C:\\Workspace\\backup\\eBusiness\\build\\android\\gen\\de\\ebusiness\\helloworld\\ApplicationStylesheet.java" "C:\\Workspace\\backup\\eBusiness\\build\\android\\gen\\de\\ebusiness\\helloworld\\HelloworldActivity.java" "C:\\Workspace\\backup\\eBusiness\\build\\android\\gen\\de\\ebusiness\\helloworld\\HelloworldAppInfo.java" "C:\\Workspace\\backup\\eBusiness\\build\\android\\gen\\de\\ebusiness\\helloworld\\HelloworldApplication.java" "C:\\Workspace\\backup\\eBusiness\\build\\android\\gen\\de\\ebusiness\\helloworld\\R.java"
[INFO] Waiting for SDCard to become available..
[INFO] Compiling Android Resources... This could take some time
[DEBUG] Android classes.dex built
[DEBUG] creating unsigned apk: C:\Workspace\backup\eBusiness\build\android\bin\app-unsigned.apk
[DEBUG] from resource zip => assets/Resources/KS_nav_ui.png
[DEBUG] from resource zip => assets/Resources/KS_nav_views.png
[DEBUG] from resource zip => assets/Resources/app.js
[DEBUG] from resource zip => assets/Resources/appicon.png
[DEBUG] from resource zip => assets/Resources/default.png
[DEBUG] from resource zip => assets/Resources/login.js
[DEBUG] from resource zip => assets/Resources/newwin.js
[DEBUG] from resource zip => assets/Resources/test.js
[DEBUG] from resource zip => assets/app.json
[DEBUG] from resource zip => assets/index.json
[DEBUG] from resource zip => assets/tiapp.xml
[DEBUG] from resource zip => res/drawable/appicon.png
[DEBUG] from resource zip => res/drawable/background.png
[DEBUG] from resource zip => res/drawable/close.png
[DEBUG] from resource zip => res/drawable/facebook_login.png
[DEBUG] from resource zip => res/drawable/facebook_login_down.png
[DEBUG] from resource zip => res/drawable/facebook_login_wide.png
[DEBUG] from resource zip => res/drawable/facebook_login_wide_down.png
[DEBUG] from resource zip => res/drawable/facebook_logout.png
[DEBUG] from resource zip => res/drawable/facebook_logout_down.png
[DEBUG] from resource zip => res/layout/titanium_tabgroup.xml
[DEBUG] from resource zip => AndroidManifest.xml
[DEBUG] from resource zip => resources.arsc
[DEBUG] from resource zip => res/drawable-hdpi/close.png
[DEBUG] from resource zip => res/drawable-ldpi/close.png
[DEBUG] from resource zip => res/drawable-long-land-hdpi/background.png
[DEBUG] from resource zip => res/drawable-long-land-ldpi/background.png
[DEBUG] from resource zip => res/drawable-long-port-hdpi/background.png
[DEBUG] from resource zip => res/drawable-long-port-ldpi/background.png
[DEBUG] from resource zip => res/drawable-notlong-land-hdpi/background.png
[DEBUG] from resource zip => res/drawable-notlong-land-ldpi/background.png
[DEBUG] from resource zip => res/drawable-notlong-land-mdpi/background.png
[DEBUG] from resource zip => res/drawable-notlong-port-hdpi/background.png
[DEBUG] from resource zip => res/drawable-notlong-port-ldpi/background.png
[DEBUG] from resource zip => res/drawable-notlong-port-mdpi/background.png
[DEBUG] from JAR C:\Dokumente und Einstellungen\schatz\Anwendungsdaten\Titanium\mobilesdk\win32\2.1.3.GA\android\titanium.jar => org/appcelerator/titanium/build.properties
[DEBUG] from JAR C:\Dokumente und Einstellungen\schatz\Anwendungsdaten\Titanium\mobilesdk\win32\2.1.3.GA\android\titanium.jar => org/appcelerator/titanium/res/drawable/background.png
[DEBUG] from JAR C:\Dokumente und Einstellungen\schatz\Anwendungsdaten\Titanium\mobilesdk\win32\2.1.3.GA\android\titanium.jar => org/appcelerator/titanium/res/drawable/btn_check_buttonless_on.png
[DEBUG] from JAR C:\Dokumente und Einstellungen\schatz\Anwendungsdaten\Titanium\mobilesdk\win32\2.1.3.GA\android\titanium.jar => org/appcelerator/titanium/res/drawable/btn_check_buttonless_on_18.png
[DEBUG] from JAR C:\Dokumente und Einstellungen\schatz\Anwendungsdaten\Titanium\mobilesdk\win32\2.1.3.GA\android\titanium.jar => org/appcelerator/titanium/res/drawable/btn_check_buttonless_on_48.png
[DEBUG] from JAR C:\Dokumente und Einstellungen\schatz\Anwendungsdaten\Titanium\mobilesdk\win32\2.1.3.GA\android\titanium.jar => org/appcelerator/titanium/res/drawable/btn_more.png
[DEBUG] from JAR C:\Dokumente und Einstellungen\schatz\Anwendungsdaten\Titanium\mobilesdk\win32\2.1.3.GA\android\titanium.jar => org/appcelerator/titanium/res/drawable/btn_more_18.png
[DEBUG] from JAR C:\Dokumente und Einstellungen\schatz\Anwendungsdaten\Titanium\mobilesdk\win32\2.1.3.GA\android\titanium.jar => org/appcelerator/titanium/res/drawable/btn_more_48.png
[DEBUG] from JAR C:\Dokumente und Einstellungen\schatz\Anwendungsdaten\Titanium\mobilesdk\win32\2.1.3.GA\android\titanium.jar => org/appcelerator/titanium/res/drawable/btn_picker_normal.9.png
[DEBUG] from JAR C:\Dokumente und Einstellungen\schatz\Anwendungsdaten\Titanium\mobilesdk\win32\2.1.3.GA\android\titanium.jar => org/appcelerator/titanium/res/drawable/btn_picker_pressed.9.png
[DEBUG] from JAR C:\Dokumente und Einstellungen\schatz\Anwendungsdaten\Titanium\mobilesdk\win32\2.1.3.GA\android\titanium.jar => org/appcelerator/titanium/res/drawable/btn_picker_selected.9.png
[DEBUG] from JAR C:\Dokumente und Einstellungen\schatz\Anwendungsdaten\Titanium\mobilesdk\win32\2.1.3.GA\android\titanium.jar => org/appcelerator/titanium/res/drawable/default_icon.png
[DEBUG] from JAR C:\Dokumente und Einstellungen\schatz\Anwendungsdaten\Titanium\mobilesdk\win32\2.1.3.GA\android\titanium.jar => org/appcelerator/titanium/res/drawable/photoDefault.png
[DEBUG] from JAR C:\Dokumente und Einstellungen\schatz\Anwendungsdaten\Titanium\mobilesdk\win32\2.1.3.GA\android\modules\titanium-ui.jar => ti/modules/titanium/ui/widget/webview/binding.js
[DEBUG] from JAR C:\Dokumente und Einstellungen\schatz\Anwendungsdaten\Titanium\mobilesdk\win32\2.1.3.GA\android\modules\titanium-ui.jar => ti/modules/titanium/ui/widget/webview/binding.min.js
[DEBUG] from JAR C:\Dokumente und Einstellungen\schatz\Anwendungsdaten\Titanium\mobilesdk\win32\2.1.3.GA\android\modules\titanium-ui.jar => ti/modules/titanium/ui/widget/webview/json2.js
[DEBUG] from JAR C:\Dokumente und Einstellungen\schatz\Anwendungsdaten\Titanium\mobilesdk\win32\2.1.3.GA\android\modules\titanium-ui.jar => ti/modules/titanium/ui/widget/webview/polling.js
[DEBUG] from JAR C:\Dokumente und Einstellungen\schatz\Anwendungsdaten\Titanium\mobilesdk\win32\2.1.3.GA\android\modules\titanium-ui.jar => ti/modules/titanium/ui/widget/webview/polling.min.js
[DEBUG] from JAR C:\Dokumente und Einstellungen\schatz\Anwendungsdaten\Titanium\mobilesdk\win32\2.1.3.GA\android\modules\titanium-facebook.jar => ti/modules/titanium/facebook/LICENSE
[DEBUG] installing native SDK libs
[DEBUG] Waiting for device to be ready ...
[TRACE] adb devices returned 1 devices/emulators
[DEBUG] Device connected... (waited 0 seconds)
[DEBUG] waited 0.047000 seconds on emulator to get ready
[INFO] Installing application on emulator
[INFO] Launching application ... HelloWorld
[TRACE] Launch output: Starting: Intent { act=android.intent.action.MAIN cat=[android.intent.category.LAUNCHER] flg=0x10200000 cmp=de.ebusiness.helloworld/.HelloworldActivity }

[INFO] Deployed HelloWorld ... Application should be running.
